INFO:sim:172 - Generating IP...
Applying current project options...
Finished applying current project options.
WARNING:sim - A core named 'clkwizard_testcircuit' already exists in the
   project. Output products for this core may be overwritten.
Resolving generics for 'clkwizard_testcircuit'...
WARNING:sim - A core named 'clkwizard_testcircuit' already exists in the
   project. Output products for this core may be overwritten.
Applying external generics to 'clkwizard_testcircuit'...
Delivering associated files for 'clkwizard_testcircuit'...
WARNING:sim - Component clk_wiz_v3_6 does not have a valid model name for VHDL
   synthesis
Delivering EJava files for 'clkwizard_testcircuit'...
Delivered 3 files into directory
/home/meise/git/styx/hw/ise/ipcore_dir/tmp/_cg/clkwizard_testcircuit
Delivered 1 file into directory
/home/meise/git/styx/hw/ise/ipcore_dir/tmp/_cg/clkwizard_testcircuit
Generating ASY schematic symbol...
Loading device for application Rf_Device from file '6vlx240t.nph' in environment
/opt/Xilinx/14.7/ISE_DS/ISE/.
INFO:sim:949 - Finished generation of ASY schematic symbol.
Generating SYM schematic symbol for 'clkwizard_testcircuit'...
Generating ISE project...
XCO file found: clkwizard_testcircuit.xco
XMDF file found: clkwizard_testcircuit_xmdf.tcl
Adding /home/meise/git/styx/hw/ise/ipcore_dir/tmp/_cg/clkwizard_testcircuit.asy
-view all -origin_type imported
Adding /home/meise/git/styx/hw/ise/ipcore_dir/tmp/_cg/clkwizard_testcircuit.ucf
-view all -origin_type created
Adding /home/meise/git/styx/hw/ise/ipcore_dir/tmp/_cg/clkwizard_testcircuit.vhd
-view all -origin_type created
INFO:HDLCompiler:1061 - Parsing VHDL file
   "/home/meise/git/styx/hw/ise/ipcore_dir/tmp/_cg/clkwizard_testcircuit.vhd"
   into library work
INFO:ProjectMgmt - Parsing design hierarchy completed successfully.
Adding /home/meise/git/styx/hw/ise/ipcore_dir/tmp/_cg/clkwizard_testcircuit.vho
-view all -origin_type imported
INFO:TclTasksC:2116 - The automatic calculation of top has been turned-off.
   Please set the new top explicitly by running the "project set top" command.
   To re-calculate the new top automatically, set the "Auto Implementation Top"
   property to true.
Top level has been set to "/clkwizard_testcircuit"
Generating README file...
Generating FLIST file...
INFO:sim:948 - Finished FLIST file generation.
Launching README viewer...
Moving files to output directory...
Finished moving files to output directory
Wrote CGP file for project 'clkwizard_testcircuit'.
